<?xml version="1.0" encoding="UTF-8"?>
<testsuite name="com.dhyun.book.springboot.web.IndexControllerTest" tests="1" skipped="0" failures="0" errors="0" timestamp="2021-04-16T03:43:06" hostname="DESKTOP-3SOV646" time="0.375">
  <properties/>
  <testcase name="메인페이지_로딩" classname="com.dhyun.book.springboot.web.IndexControllerTest" time="0.375"/>
  <system-out><![CDATA[12:43:00.496 [Test worker] DEBUG org.springframework.test.context.junit4.SpringJUnit4ClassRunner - SpringJUnit4ClassRunner constructor called with [class com.dhyun.book.springboot.web.IndexControllerTest]
12:43:00.508 [Test worker] DEBUG org.springframework.test.context.BootstrapUtils - Instantiating CacheAwareContextLoaderDelegate from class [org.springframework.test.context.cache.DefaultCacheAwareContextLoaderDelegate]
12:43:00.519 [Test worker] DEBUG org.springframework.test.context.BootstrapUtils - Instantiating BootstrapContext using constructor [public org.springframework.test.context.support.DefaultBootstrapContext(java.lang.Class,org.springframework.test.context.CacheAwareContextLoaderDelegate)]
12:43:00.546 [Test worker] DEBUG org.springframework.test.context.BootstrapUtils - Instantiating TestContextBootstrapper for test class [com.dhyun.book.springboot.web.IndexControllerTest] from class [org.springframework.boot.test.context.SpringBootTestContextBootstrapper]
12:43:00.564 [Test worker] INFO org.springframework.boot.test.context.SpringBootTestContextBootstrapper - Neither @ContextConfiguration nor @ContextHierarchy found for test class [com.dhyun.book.springboot.web.IndexControllerTest], using SpringBootContextLoader
12:43:00.568 [Test worker] DEBUG org.springframework.test.context.support.AbstractContextLoader - Did not detect default resource location for test class [com.dhyun.book.springboot.web.IndexControllerTest]: class path resource [com/dhyun/book/springboot/web/IndexControllerTest-context.xml] does not exist
12:43:00.569 [Test worker] DEBUG org.springframework.test.context.support.AbstractContextLoader - Did not detect default resource location for test class [com.dhyun.book.springboot.web.IndexControllerTest]: class path resource [com/dhyun/book/springboot/web/IndexControllerTestContext.groovy] does not exist
12:43:00.569 [Test worker] INFO org.springframework.test.context.support.AbstractContextLoader - Could not detect default resource locations for test class [com.dhyun.book.springboot.web.IndexControllerTest]: no resource found for suffixes {-context.xml, Context.groovy}.
12:43:00.570 [Test worker] INFO org.springframework.test.context.support.AnnotationConfigContextLoaderUtils - Could not detect default configuration classes for test class [com.dhyun.book.springboot.web.IndexControllerTest]: IndexControllerTest does not declare any static, non-private, non-final, nested classes annotated with @Configuration.
12:43:00.617 [Test worker] DEBUG org.springframework.test.context.support.ActiveProfilesUtils - Could not find an 'annotation declaring class' for annotation type [org.springframework.test.context.ActiveProfiles] and class [com.dhyun.book.springboot.web.IndexControllerTest]
12:43:00.734 [Test worker] DEBUG org.springframework.context.annotation.ClassPathScanningCandidateComponentProvider - Identified candidate component class: file [C:\work\springboot\build\classes\java\main\com\dhyun\book\springboot\Application.class]
12:43:00.735 [Test worker] INFO org.springframework.boot.test.context.SpringBootTestContextBootstrapper - Found @SpringBootConfiguration com.dhyun.book.springboot.Application for test class com.dhyun.book.springboot.web.IndexControllerTest
12:43:00.838 [Test worker] DEBUG org.springframework.boot.test.context.SpringBootTestContextBootstrapper - @TestExecutionListeners is not present for class [com.dhyun.book.springboot.web.IndexControllerTest]: using defaults.
12:43:00.839 [Test worker] INFO org.springframework.boot.test.context.SpringBootTestContextBootstrapper - Loaded default TestExecutionListener class names from location [META-INF/spring.factories]: [org.springframework.boot.test.autoconfigure.restdocs.RestDocsTestExecutionListener, org.springframework.boot.test.autoconfigure.web.client.MockRestServiceServerResetTestExecutionListener, org.springframework.boot.test.autoconfigure.web.servlet.MockMvcPrintOnlyOnFailureTestExecutionListener, org.springframework.boot.test.autoconfigure.web.servlet.WebDriverTestExecutionListener, org.springframework.boot.test.mock.mockito.MockitoTestExecutionListener, org.springframework.boot.test.mock.mockito.ResetMocksTestExecutionListener, org.springframework.test.context.web.ServletTestExecutionListener, org.springframework.test.context.support.DirtiesContextBeforeModesTestExecutionListener, org.springframework.test.context.support.DependencyInjectionTestExecutionListener, org.springframework.test.context.support.DirtiesContextTestExecutionListener, org.springframework.test.context.transaction.TransactionalTestExecutionListener, org.springframework.test.context.jdbc.SqlScriptsTestExecutionListener]
12:43:00.866 [Test worker] INFO org.springframework.boot.test.context.SpringBootTestContextBootstrapper - Using TestExecutionListeners: [org.springframework.test.context.web.ServletTestExecutionListener@6dc336f1, org.springframework.test.context.support.DirtiesContextBeforeModesTestExecutionListener@2af2d675, org.springframework.boot.test.mock.mockito.MockitoTestExecutionListener@1fed0337, org.springframework.boot.test.autoconfigure.SpringBootDependencyInjectionTestExecutionListener@6a77b288, org.springframework.test.context.support.DirtiesContextTestExecutionListener@1e776589, org.springframework.test.context.transaction.TransactionalTestExecutionListener@220a494c, org.springframework.test.context.jdbc.SqlScriptsTestExecutionListener@55891281, org.springframework.boot.test.autoconfigure.restdocs.RestDocsTestExecutionListener@23d194a, org.springframework.boot.test.autoconfigure.web.client.MockRestServiceServerResetTestExecutionListener@27437fa9, org.springframework.boot.test.autoconfigure.web.servlet.MockMvcPrintOnlyOnFailureTestExecutionListener@57f30224, org.springframework.boot.test.autoconfigure.web.servlet.WebDriverTestExecutionListener@4a730f41, org.springframework.boot.test.mock.mockito.ResetMocksTestExecutionListener@20eea80c]
12:43:00.870 [Test worker] DEBUG org.springframework.test.annotation.ProfileValueUtils - Retrieved @ProfileValueSourceConfiguration [null] for test class [com.dhyun.book.springboot.web.IndexControllerTest]
12:43:00.870 [Test worker] DEBUG org.springframework.test.annotation.ProfileValueUtils - Retrieved ProfileValueSource type [class org.springframework.test.annotation.SystemProfileValueSource] for class [com.dhyun.book.springboot.web.IndexControllerTest]
12:43:00.875 [Test worker] DEBUG org.springframework.test.annotation.ProfileValueUtils - Retrieved @ProfileValueSourceConfiguration [null] for test class [com.dhyun.book.springboot.web.IndexControllerTest]
12:43:00.875 [Test worker] DEBUG org.springframework.test.annotation.ProfileValueUtils - Retrieved ProfileValueSource type [class org.springframework.test.annotation.SystemProfileValueSource] for class [com.dhyun.book.springboot.web.IndexControllerTest]
12:43:00.876 [Test worker] DEBUG org.springframework.test.annotation.ProfileValueUtils - Retrieved @ProfileValueSourceConfiguration [null] for test class [com.dhyun.book.springboot.web.IndexControllerTest]
12:43:00.876 [Test worker] DEBUG org.springframework.test.annotation.ProfileValueUtils - Retrieved ProfileValueSource type [class org.springframework.test.annotation.SystemProfileValueSource] for class [com.dhyun.book.springboot.web.IndexControllerTest]
12:43:00.882 [Test worker] DEBUG org.springframework.test.context.support.AbstractDirtiesContextTestExecutionListener - Before test class: context [DefaultTestContext@1edd64e testClass = IndexControllerTest, testInstance = [null], testMethod = [null], testException = [null], mergedContextConfiguration = [WebMergedContextConfiguration@2d4cf307 testClass = IndexControllerTest, locations = '{}', classes = '{class com.dhyun.book.springboot.Application}', contextInitializerClasses = '[]', activeProfiles = '{}', propertySourceLocations = '{}', propertySourceProperties = '{org.springframework.boot.test.context.SpringBootTestContextBootstrapper=true, server.port=0}', contextCustomizers = set[org.springframework.boot.test.autoconfigure.properties.PropertyMappingContextCustomizer@0, org.springframework.boot.test.autoconfigure.web.servlet.WebDriverContextCustomizerFactory$Customizer@5d444fe, org.springframework.boot.test.context.filter.ExcludeFilterContextCustomizer@35047d2, org.springframework.boot.test.json.DuplicateJsonObjectContextCustomizerFactory$DuplicateJsonObjectContextCustomizer@762cbe65, org.springframework.boot.test.mock.mockito.MockitoContextCustomizer@0, org.springframework.boot.test.web.client.TestRestTemplateContextCustomizer@e72c728], resourceBasePath = 'src/main/webapp', contextLoader = 'org.springframework.boot.test.context.SpringBootContextLoader', parent = [null]], attributes = map['org.springframework.test.context.web.ServletTestExecutionListener.activateListener' -> false]], class annotated with @DirtiesContext [false] with mode [null].
12:43:00.883 [Test worker] DEBUG org.springframework.test.annotation.ProfileValueUtils - Retrieved @ProfileValueSourceConfiguration [null] for test class [com.dhyun.book.springboot.web.IndexControllerTest]
12:43:00.883 [Test worker] DEBUG org.springframework.test.annotation.ProfileValueUtils - Retrieved ProfileValueSource type [class org.springframework.test.annotation.SystemProfileValueSource] for class [com.dhyun.book.springboot.web.IndexControllerTest]
12:43:00.891 [Test worker] DEBUG org.springframework.test.context.support.DependencyInjectionTestExecutionListener - Performing dependency injection for test context [[DefaultTestContext@1edd64e testClass = IndexControllerTest, testInstance = com.dhyun.book.springboot.web.IndexControllerTest@7f84c0d9, testMethod = [null], testException = [null], mergedContextConfiguration = [WebMergedContextConfiguration@2d4cf307 testClass = IndexControllerTest, locations = '{}', classes = '{class com.dhyun.book.springboot.Application}', contextInitializerClasses = '[]', activeProfiles = '{}', propertySourceLocations = '{}', propertySourceProperties = '{org.springframework.boot.test.context.SpringBootTestContextBootstrapper=true, server.port=0}', contextCustomizers = set[org.springframework.boot.test.autoconfigure.properties.PropertyMappingContextCustomizer@0, org.springframework.boot.test.autoconfigure.web.servlet.WebDriverContextCustomizerFactory$Customizer@5d444fe, org.springframework.boot.test.context.filter.ExcludeFilterContextCustomizer@35047d2, org.springframework.boot.test.json.DuplicateJsonObjectContextCustomizerFactory$DuplicateJsonObjectContextCustomizer@762cbe65, org.springframework.boot.test.mock.mockito.MockitoContextCustomizer@0, org.springframework.boot.test.web.client.TestRestTemplateContextCustomizer@e72c728], resourceBasePath = 'src/main/webapp', contextLoader = 'org.springframework.boot.test.context.SpringBootContextLoader', parent = [null]], attributes = map['org.springframework.test.context.web.ServletTestExecutionListener.activateListener' -> false]]].
12:43:00.917 [Test worker] DEBUG org.springframework.test.context.support.TestPropertySourceUtils - Adding inlined properties to environment: {spring.jmx.enabled=false, org.springframework.boot.test.context.SpringBootTestContextBootstrapper=true, server.port=0}

  .   ____          _            __ _ _
 /\\ / ___'_ __ _ _(_)_ __  __ _ \ \ \ \
( ( )\___ | '_ | '_| | '_ \/ _` | \ \ \ \
 \\/  ___)| |_)| | | | | || (_| |  ) ) ) )
  '  |____| .__|_| |_|_| |_\__, | / / / /
 =========|_|==============|___/=/_/_/_/
 :: Spring Boot ::        (v2.1.7.RELEASE)

2021-04-16 12:43:01.232  INFO 10372 --- [    Test worker] c.d.b.s.web.IndexControllerTest          : Starting IndexControllerTest on DESKTOP-3SOV646 with PID 10372 (started by user in C:\work\springboot)
2021-04-16 12:43:01.234  INFO 10372 --- [    Test worker] c.d.b.s.web.IndexControllerTest          : No active profile set, falling back to default profiles: default
2021-04-16 12:43:02.109  INFO 10372 --- [    Test worker] .s.d.r.c.RepositoryConfigurationDelegate : Bootstrapping Spring Data repositories in DEFAULT mode.
2021-04-16 12:43:02.201  INFO 10372 --- [    Test worker] .s.d.r.c.RepositoryConfigurationDelegate : Finished Spring Data repository scanning in 79ms. Found 1 repository interfaces.
2021-04-16 12:43:02.599  INFO 10372 --- [    Test worker] trationDelegate$BeanPostProcessorChecker : Bean 'org.springframework.transaction.annotation.ProxyTransactionManagementConfiguration' of type [org.springframework.transaction.annotation.ProxyTransactionManagementConfiguration$$EnhancerBySpringCGLIB$$22699cdb] is not eligible for getting processed by all BeanPostProcessors (for example: not eligible for auto-proxying)
2021-04-16 12:43:03.155  INFO 10372 --- [    Test worker] o.s.b.w.embedded.tomcat.TomcatWebServer  : Tomcat initialized with port(s): 0 (http)
2021-04-16 12:43:03.183  INFO 10372 --- [    Test worker] o.apache.catalina.core.StandardService   : Starting service [Tomcat]
2021-04-16 12:43:03.184  INFO 10372 --- [    Test worker] org.apache.catalina.core.StandardEngine  : Starting Servlet engine: [Apache Tomcat/9.0.22]
2021-04-16 12:43:03.319  INFO 10372 --- [    Test worker] o.a.c.c.C.[Tomcat].[localhost].[/]       : Initializing Spring embedded WebApplicationContext
2021-04-16 12:43:03.320  INFO 10372 --- [    Test worker] o.s.web.context.ContextLoader            : Root WebApplicationContext: initialization completed in 2065 ms
2021-04-16 12:43:03.633  INFO 10372 --- [    Test worker] com.zaxxer.hikari.HikariDataSource       : HikariPool-1 - Starting...
2021-04-16 12:43:03.804  INFO 10372 --- [    Test worker] com.zaxxer.hikari.HikariDataSource       : HikariPool-1 - Start completed.
2021-04-16 12:43:03.912  INFO 10372 --- [    Test worker] o.hibernate.jpa.internal.util.LogHelper  : HHH000204: Processing PersistenceUnitInfo [
	name: default
	...]
2021-04-16 12:43:04.029  INFO 10372 --- [    Test worker] org.hibernate.Version                    : HHH000412: Hibernate Core {5.3.10.Final}
2021-04-16 12:43:04.030  INFO 10372 --- [    Test worker] org.hibernate.cfg.Environment            : HHH000206: hibernate.properties not found
2021-04-16 12:43:04.262  INFO 10372 --- [    Test worker] o.hibernate.annotations.common.Version   : HCANN000001: Hibernate Commons Annotations {5.0.4.Final}
2021-04-16 12:43:04.454  INFO 10372 --- [    Test worker] org.hibernate.dialect.Dialect            : HHH000400: Using dialect: org.hibernate.dialect.MySQL5InnoDBDialect
Hibernate: drop table if exists posts
Hibernate: create table posts (id bigint not null auto_increment, created_date datetime, modified_date datetime, author varchar(255), content TEXT not null, title varchar(500) not null, primary key (id)) engine=InnoDB
2021-04-16 12:43:05.150  INFO 10372 --- [    Test worker] o.h.t.schema.internal.SchemaCreatorImpl  : HHH000476: Executing import script 'org.hibernate.tool.schema.internal.exec.ScriptSourceInputNonExistentImpl@1b7f9c68'
2021-04-16 12:43:05.155  INFO 10372 --- [    Test worker] j.LocalContainerEntityManagerFactoryBean : Initialized JPA EntityManagerFactory for persistence unit 'default'
2021-04-16 12:43:06.219  INFO 10372 --- [    Test worker] o.s.s.concurrent.ThreadPoolTaskExecutor  : Initializing ExecutorService 'applicationTaskExecutor'
2021-04-16 12:43:06.294  WARN 10372 --- [    Test worker] aWebConfiguration$JpaWebMvcConfiguration : spring.jpa.open-in-view is enabled by default. Therefore, database queries may be performed during view rendering. Explicitly configure spring.jpa.open-in-view to disable this warning
2021-04-16 12:43:06.358  INFO 10372 --- [    Test worker] o.s.b.a.w.s.WelcomePageHandlerMapping    : Adding welcome page template: index
2021-04-16 12:43:06.757  INFO 10372 --- [    Test worker] o.s.b.w.embedded.tomcat.TomcatWebServer  : Tomcat started on port(s): 49358 (http) with context path ''
2021-04-16 12:43:06.761  INFO 10372 --- [    Test worker] c.d.b.s.web.IndexControllerTest          : Started IndexControllerTest in 5.842 seconds (JVM running for 6.808)
2021-04-16 12:43:06.967  INFO 10372 --- [o-auto-1-exec-1] o.a.c.c.C.[Tomcat].[localhost].[/]       : Initializing Spring DispatcherServlet 'dispatcherServlet'
2021-04-16 12:43:06.967  INFO 10372 --- [o-auto-1-exec-1] o.s.web.servlet.DispatcherServlet        : Initializing Servlet 'dispatcherServlet'
2021-04-16 12:43:06.996  INFO 10372 --- [o-auto-1-exec-1] o.s.web.servlet.DispatcherServlet        : Completed initialization in 29 ms
]]></system-out>
  <system-err><![CDATA[]]></system-err>
</testsuite>
